<?xml version="1.0" encoding="UTF-8"?>
<testsuite xmlns:xsi="http://www.w3.org/2001/XMLSchema-instance" xsi:noNamespaceSchemaLocation="https://maven.apache.org/surefire/maven-surefire-plugin/xsd/surefire-test-report-3.0.xsd" version="3.0" name="com.epam.gym_crm.GymCrmApplicationTests" time="3.575" tests="1" errors="0" skipped="0" failures="0">
  <properties>
[...]
</properties>
  <testcase name="contextLoads" classname="com.epam.gym_crm.GymCrmApplicationTests" time="0.013">
    <system-out><![CDATA[Hibernate: 
    select
        count(*) 
    from
        training_type tt1_0
]]></system-out>
    <system-err><![CDATA[[main] INFO org.springframework.data.repository.config.RepositoryConfigurationDelegate - Bootstrapping Spring Data JPA repositories in DEFAULT mode.
[main] INFO org.springframework.data.repository.config.RepositoryConfigurationDelegate - Finished Spring Data repository scanning in 62 ms. Found 5 JPA repository interfaces.
Tem 23, 2025 4:15:04 ÖS org.hibernate.jpa.internal.util.LogHelper logPersistenceUnitInformation
INFO: HHH000204: Processing PersistenceUnitInfo [name: default]
Tem 23, 2025 4:15:04 ÖS org.hibernate.Version logVersion
INFO: HHH000412: Hibernate ORM core version 6.5.2.Final
Tem 23, 2025 4:15:04 ÖS org.hibernate.cache.internal.RegionFactoryInitiator initiateService
INFO: HHH000026: Second-level cache disabled
[main] INFO org.springframework.orm.jpa.persistenceunit.SpringPersistenceUnitInfo - No LoadTimeWeaver setup: ignoring JPA class transformer
Tem 23, 2025 4:15:05 ÖS org.hibernate.engine.jdbc.dialect.internal.DialectFactoryImpl constructDialect
WARN: HHH90000025: PostgreSQLDialect does not need to be specified explicitly using 'hibernate.dialect' (remove the property setting and it will be selected by default)
Tem 23, 2025 4:15:05 ÖS org.hibernate.validator.internal.util.Version <clinit>
INFO: HV000001: Hibernate Validator 8.0.1.Final
Tem 23, 2025 4:15:05 ÖS org.hibernate.engine.transaction.jta.platform.internal.JtaPlatformInitiator initiateService
INFO: HHH000489: No JTA platform available (set 'hibernate.transaction.jta.platform' to enable JTA platform integration)
[main] INFO org.springframework.orm.jpa.LocalContainerEntityManagerFactoryBean - Initialized JPA EntityManagerFactory for persistence unit 'default'
[main] INFO org.springframework.data.jpa.repository.query.QueryEnhancerFactory - Hibernate is in classpath; If applicable, HQL parser will be used.
[main] INFO com.epam.gym_crm.facade.GymCRMFacade - GymCRMFacade initialized.
[main] INFO com.epam.gym_crm.config.TrainingTypeDataLoader - TrainingType data already exists. Skipping initialization.
]]></system-err>
  </testcase>
</testsuite>