<?xml version="1.0" encoding="UTF-8"?>
<testsuite xmlns:xsi="http://www.w3.org/2001/XMLSchema-instance" xsi:noNamespaceSchemaLocation="https://maven.apache.org/surefire/maven-surefire-plugin/xsd/surefire-test-report-3.0.xsd" version="3.0" name="com.epam.gym_crm.service.impl.TrainingServiceImplTest" time="0.118" tests="33" errors="0" skipped="0" failures="0">
  <properties>
[...]
</properties>
  <testcase name="shouldThrowExceptionWhenCreateTrainingTraineeNotFound" classname="com.epam.gym_crm.service.impl.TrainingServiceImplTest" time="0.006">
    <system-out><![CDATA[21:12:18.359 [main] [NO-TX] INFO  c.e.g.s.impl.TrainingServiceImpl - User 'test.user' attempting to create a new training, Training creation request: TrainingCreateRequest(traineeUsername=nonexistent.trainee, trainerUsername=trainer.user, trainingName=Yoga, trainingDate=2023-10-26, trainingDuration=60)
21:12:18.363 [main] [NO-TX] WARN  c.e.g.s.impl.TrainingServiceImpl - Trainee with username 'nonexistent.trainee' not found for training creation by user 'test.user'.
]]></system-out>
  </testcase>
  <testcase name="shouldGetTrainingByIdSuccessfullyForAssociatedTrainee" classname="com.epam.gym_crm.service.impl.TrainingServiceImplTest" time="0.002">
    <system-out><![CDATA[21:12:18.365 [main] [NO-TX] INFO  c.e.g.s.impl.TrainingServiceImpl - User 'trainee.user' attempting to retrieve training with ID: 1.
21:12:18.366 [main] [NO-TX] INFO  c.e.g.s.impl.TrainingServiceImpl - Successfully retrieved training with ID: 1 for user 'trainee.user'.
]]></system-out>
  </testcase>
  <testcase name="shouldGetTrainingByIdSuccessfullyForAssociatedTrainer" classname="com.epam.gym_crm.service.impl.TrainingServiceImplTest" time="0.003">
    <system-out><![CDATA[21:12:18.367 [main] [NO-TX] INFO  c.e.g.s.impl.TrainingServiceImpl - User 'trainer.user' attempting to retrieve training with ID: 1.
21:12:18.369 [main] [NO-TX] INFO  c.e.g.s.impl.TrainingServiceImpl - Successfully retrieved training with ID: 1 for user 'trainer.user'.
]]></system-out>
  </testcase>
  <testcase name="shouldUpdateTrainingSuccessfully" classname="com.epam.gym_crm.service.impl.TrainingServiceImplTest" time="0.007">
    <system-out><![CDATA[21:12:18.370 [main] [NO-TX] INFO  c.e.g.s.impl.TrainingServiceImpl - User 'trainee.user' attempting to update training with ID: 1. Update request: TrainingUpdateRequest(id=1, trainingName=Updated Yoga, trainingDate=2023-10-27, trainingDuration=75, trainerUsername=trainer.user, traineeUsername=trainee.user, trainingTypeName=Yoga)
21:12:18.375 [main] [NO-TX] INFO  c.e.g.s.impl.TrainingServiceImpl - Training with ID: 1 updated successfully by user 'trainee.user'.
]]></system-out>
  </testcase>
  <testcase name="shouldThrowExceptionWhenDeleteTrainingByIdUnauthorized" classname="com.epam.gym_crm.service.impl.TrainingServiceImplTest" time="0.004">
    <system-out><![CDATA[21:12:18.378 [main] [NO-TX] INFO  c.e.g.s.impl.TrainingServiceImpl - User 'unauth.user' attempting to delete training with ID: 1.
21:12:18.379 [main] [NO-TX] WARN  c.e.g.s.impl.TrainingServiceImpl - Access Denied: User 'unauth.user' attempted to delete training with ID 1 not associated with them.
]]></system-out>
  </testcase>
  <testcase name="shouldThrowExceptionWhenGetTrainerTrainingsListTrainerNotFound" classname="com.epam.gym_crm.service.impl.TrainingServiceImplTest" time="0.005">
    <system-out><![CDATA[21:12:18.383 [main] [NO-TX] INFO  c.e.g.s.impl.TrainingServiceImpl - User 'nonexistent.trainer' attempting to retrieve trainings list for trainer 'nonexistent.trainer' with criteria: TrainerTrainingListRequest(fromDate=null, toDate=null, traineeName=null)
21:12:18.384 [main] [NO-TX] WARN  c.e.g.s.impl.TrainingServiceImpl - Trainer with username 'nonexistent.trainer' not found when trying to retrieve their trainings.
]]></system-out>
  </testcase>
  <testcase name="shouldThrowExceptionWhenUpdateTrainingNewTrainerNotFound" classname="com.epam.gym_crm.service.impl.TrainingServiceImplTest" time="0.003">
    <system-out><![CDATA[21:12:18.388 [main] [NO-TX] INFO  c.e.g.s.impl.TrainingServiceImpl - User 'trainee.user' attempting to update training with ID: 1. Update request: TrainingUpdateRequest(id=1, trainingName=Name, trainingDate=null, trainingDuration=null, trainerUsername=nonexistent.trainer, traineeUsername=null, trainingTypeName=null)
21:12:18.388 [main] [NO-TX] WARN  c.e.g.s.impl.TrainingServiceImpl - New Trainer with username 'nonexistent.trainer' not found for updating training ID 1 by user 'trainee.user'.
]]></system-out>
  </testcase>
  <testcase name="shouldThrowExceptionWhenUpdateTrainingNewTraineeNotActive" classname="com.epam.gym_crm.service.impl.TrainingServiceImplTest" time="0.005">
    <system-out><![CDATA[21:12:18.392 [main] [NO-TX] INFO  c.e.g.s.impl.TrainingServiceImpl - User 'trainer.user' attempting to update training with ID: 1. Update request: TrainingUpdateRequest(id=1, trainingName=Name, trainingDate=null, trainingDuration=null, trainerUsername=null, traineeUsername=inact.trainee, trainingTypeName=null)
21:12:18.393 [main] [NO-TX] WARN  c.e.g.s.impl.TrainingServiceImpl - New Trainee 'inact.trainee' is not active. Cannot update training.
]]></system-out>
  </testcase>
  <testcase name="shouldThrowExceptionWhenCreateTrainingTrainerNotActive" classname="com.epam.gym_crm.service.impl.TrainingServiceImplTest" time="0.003">
    <system-out><![CDATA[21:12:18.396 [main] [NO-TX] INFO  c.e.g.s.impl.TrainingServiceImpl - User 'test.user' attempting to create a new training, Training creation request: TrainingCreateRequest(traineeUsername=trainee.user, trainerUsername=inactive.trainer, trainingName=Yoga, trainingDate=2023-10-26, trainingDuration=60)
21:12:18.396 [main] [NO-TX] WARN  c.e.g.s.impl.TrainingServiceImpl - Trainer 'inactive.trainer' is not active. Cannot create training.
]]></system-out>
  </testcase>
  <testcase name="shouldThrowExceptionWhenCreateTrainingTrainingTypeNotFound" classname="com.epam.gym_crm.service.impl.TrainingServiceImplTest" time="0.002">
    <system-out><![CDATA[21:12:18.399 [main] [NO-TX] INFO  c.e.g.s.impl.TrainingServiceImpl - User 'test.user' attempting to create a new training, Training creation request: TrainingCreateRequest(traineeUsername=trainee.user, trainerUsername=trainer.user, trainingName=NonExistentType, trainingDate=2023-10-26, trainingDuration=60)
21:12:18.399 [main] [NO-TX] WARN  c.e.g.s.impl.TrainingServiceImpl - Training  with name 'NonExistentType' not found for training creation by user 'test.user'.
]]></system-out>
  </testcase>
  <testcase name="shouldThrowExceptionWhenUpdateTrainingNotFound" classname="com.epam.gym_crm.service.impl.TrainingServiceImplTest" time="0.004">
    <system-out><![CDATA[21:12:18.403 [main] [NO-TX] INFO  c.e.g.s.impl.TrainingServiceImpl - User 'test.user' attempting to update training with ID: 99. Update request: TrainingUpdateRequest(id=99, trainingName=Name, trainingDate=null, trainingDuration=null, trainerUsername=null, traineeUsername=null, trainingTypeName=null)
21:12:18.403 [main] [NO-TX] WARN  c.e.g.s.impl.TrainingServiceImpl - Training with ID 99 not found for update by user 'test.user'.
]]></system-out>
  </testcase>
  <testcase name="shouldThrowExceptionWhenGetTrainingByIdUnauthorized" classname="com.epam.gym_crm.service.impl.TrainingServiceImplTest" time="0.002">
    <system-out><![CDATA[21:12:18.406 [main] [NO-TX] INFO  c.e.g.s.impl.TrainingServiceImpl - User 'unauth.user' attempting to retrieve training with ID: 1.
21:12:18.407 [main] [NO-TX] WARN  c.e.g.s.impl.TrainingServiceImpl - Access Denied: User 'unauth.user' attempted to access training with ID 1 not associated with them.
]]></system-out>
  </testcase>
  <testcase name="shouldGetTraineeTrainingsListSuccessfully" classname="com.epam.gym_crm.service.impl.TrainingServiceImplTest" time="0.005">
    <system-out><![CDATA[21:12:18.410 [main] [NO-TX] INFO  c.e.g.s.impl.TrainingServiceImpl - User 'trainee.user' attempting to retrieve trainings list for trainee 'trainee.user' with criteria: TraineeTrainingListRequest(fromDate=2023-01-01, toDate=2023-12-31, trainerName=Trainer, trainingTypeName=Yoga)
21:12:18.412 [main] [NO-TX] INFO  c.e.g.s.impl.TrainingServiceImpl - Successfully retrieved and converted 2 trainings for trainee 'trainee.user'.
]]></system-out>
  </testcase>
  <testcase name="shouldGetAllTrainingsSuccessfully" classname="com.epam.gym_crm.service.impl.TrainingServiceImplTest" time="0.003">
    <system-out><![CDATA[21:12:18.415 [main] [NO-TX] INFO  c.e.g.s.impl.TrainingServiceImpl - User 'test.user' attempting to retrieve all trainings.
21:12:18.415 [main] [NO-TX] INFO  c.e.g.s.impl.TrainingServiceImpl - Successfully retrieved 2 trainings for user 'test.user'.
]]></system-out>
  </testcase>
  <testcase name="shouldGetTrainerTrainingsListSuccessfully" classname="com.epam.gym_crm.service.impl.TrainingServiceImplTest" time="0.004">
    <system-out><![CDATA[21:12:18.419 [main] [NO-TX] INFO  c.e.g.s.impl.TrainingServiceImpl - User 'trainer.user' attempting to retrieve trainings list for trainer 'trainer.user' with criteria: TrainerTrainingListRequest(fromDate=2023-01-01, toDate=2023-12-31, traineeName=Trainee)
21:12:18.420 [main] [NO-TX] INFO  c.e.g.s.impl.TrainingServiceImpl - Successfully retrieved and converted 2 trainings for trainer 'trainer.user'.
]]></system-out>
  </testcase>
  <testcase name="shouldThrowExceptionWhenUpdateTrainingUnauthorized" classname="com.epam.gym_crm.service.impl.TrainingServiceImplTest" time="0.003">
    <system-out><![CDATA[21:12:18.423 [main] [NO-TX] INFO  c.e.g.s.impl.TrainingServiceImpl - User 'unauth.user' attempting to update training with ID: 1. Update request: TrainingUpdateRequest(id=1, trainingName=Updated Name, trainingDate=null, trainingDuration=null, trainerUsername=null, traineeUsername=null, trainingTypeName=null)
21:12:18.423 [main] [NO-TX] WARN  c.e.g.s.impl.TrainingServiceImpl - Access Denied: User 'unauth.user' attempted to update training with ID 1 not associated with them.
]]></system-out>
  </testcase>
  <testcase name="shouldThrowExceptionWhenUpdateTrainingNewTrainingTypeNotFound" classname="com.epam.gym_crm.service.impl.TrainingServiceImplTest" time="0.004">
    <system-out><![CDATA[21:12:18.426 [main] [NO-TX] INFO  c.e.g.s.impl.TrainingServiceImpl - User 'trainee.user' attempting to update training with ID: 1. Update request: TrainingUpdateRequest(id=1, trainingName=Name, trainingDate=null, trainingDuration=null, trainerUsername=null, traineeUsername=null, trainingTypeName=NonExistentType)
21:12:18.427 [main] [NO-TX] WARN  c.e.g.s.impl.TrainingServiceImpl - New Training Type with name 'NonExistentType' not found for updating training ID 1 by user 'trainee.user'.
]]></system-out>
  </testcase>
  <testcase name="shouldThrowExceptionWhenGetTrainingByIdWithNullOrInvalidId" classname="com.epam.gym_crm.service.impl.TrainingServiceImplTest" time="0.003">
    <system-out><![CDATA[21:12:18.430 [main] [NO-TX] INFO  c.e.g.s.impl.TrainingServiceImpl - User 'test.user' attempting to retrieve training with ID: null.
21:12:18.430 [main] [NO-TX] ERROR c.e.g.s.impl.TrainingServiceImpl - Training ID for lookup cannot be null or non-positive: null. User: test.user
21:12:18.430 [main] [NO-TX] INFO  c.e.g.s.impl.TrainingServiceImpl - User 'test.user' attempting to retrieve training with ID: -5.
21:12:18.430 [main] [NO-TX] ERROR c.e.g.s.impl.TrainingServiceImpl - Training ID for lookup cannot be null or non-positive: -5. User: test.user
]]></system-out>
  </testcase>
  <testcase name="shouldThrowExceptionWhenGetTraineeTrainingsListTraineeNotFound" classname="com.epam.gym_crm.service.impl.TrainingServiceImplTest" time="0.003">
    <system-out><![CDATA[21:12:18.433 [main] [NO-TX] INFO  c.e.g.s.impl.TrainingServiceImpl - User 'nonexistent.trainee' attempting to retrieve trainings list for trainee 'nonexistent.trainee' with criteria: TraineeTrainingListRequest(fromDate=null, toDate=null, trainerName=null, trainingTypeName=null)
21:12:18.433 [main] [NO-TX] WARN  c.e.g.s.impl.TrainingServiceImpl - Trainee with username 'nonexistent.trainee' not found when trying to retrieve their trainings.
]]></system-out>
  </testcase>
  <testcase name="shouldThrowExceptionWhenCreateTrainingTrainerNotFound" classname="com.epam.gym_crm.service.impl.TrainingServiceImplTest" time="0.003">
    <system-out><![CDATA[21:12:18.436 [main] [NO-TX] INFO  c.e.g.s.impl.TrainingServiceImpl - User 'test.user' attempting to create a new training, Training creation request: TrainingCreateRequest(traineeUsername=trainee.user, trainerUsername=nonexistent.trainer, trainingName=Yoga, trainingDate=2023-10-26, trainingDuration=60)
21:12:18.436 [main] [NO-TX] WARN  c.e.g.s.impl.TrainingServiceImpl - Trainer with username 'nonexistent.trainer' not found for training creation by user 'test.user'.
]]></system-out>
  </testcase>
  <testcase name="shouldThrowExceptionWhenGetTrainingByIdNotFound" classname="com.epam.gym_crm.service.impl.TrainingServiceImplTest" time="0.003">
    <system-out><![CDATA[21:12:18.439 [main] [NO-TX] INFO  c.e.g.s.impl.TrainingServiceImpl - User 'test.user' attempting to retrieve training with ID: 99.
21:12:18.439 [main] [NO-TX] WARN  c.e.g.s.impl.TrainingServiceImpl - Training not found with ID=99 for user 'test.user'.
]]></system-out>
  </testcase>
  <testcase name="shouldDeleteTrainingByIdSuccessfully" classname="com.epam.gym_crm.service.impl.TrainingServiceImplTest" time="0.002">
    <system-out><![CDATA[21:12:18.441 [main] [NO-TX] INFO  c.e.g.s.impl.TrainingServiceImpl - User 'trainee.user' attempting to delete training with ID: 1.
21:12:18.441 [main] [NO-TX] INFO  c.e.g.s.impl.TrainingServiceImpl - Training with ID: 1 deleted successfully by user 'trainee.user'.
]]></system-out>
  </testcase>
  <testcase name="shouldThrowExceptionWhenUpdateTrainingNewTrainerNotActive" classname="com.epam.gym_crm.service.impl.TrainingServiceImplTest" time="0.002">
    <system-out><![CDATA[21:12:18.443 [main] [NO-TX] INFO  c.e.g.s.impl.TrainingServiceImpl - User 'trainee.user' attempting to update training with ID: 1. Update request: TrainingUpdateRequest(id=1, trainingName=Name, trainingDate=null, trainingDuration=null, trainerUsername=inact.trainer, traineeUsername=null, trainingTypeName=null)
21:12:18.444 [main] [NO-TX] WARN  c.e.g.s.impl.TrainingServiceImpl - New Trainer 'inact.trainer' is not active. Cannot update training.
]]></system-out>
  </testcase>
  <testcase name="shouldThrowExceptionWhenUpdateTrainingNewTraineeNotFound" classname="com.epam.gym_crm.service.impl.TrainingServiceImplTest" time="0.003">
    <system-out><![CDATA[21:12:18.446 [main] [NO-TX] INFO  c.e.g.s.impl.TrainingServiceImpl - User 'trainer.user' attempting to update training with ID: 1. Update request: TrainingUpdateRequest(id=1, trainingName=Name, trainingDate=null, trainingDuration=null, trainerUsername=null, traineeUsername=nonexistent.trainee, trainingTypeName=null)
21:12:18.446 [main] [NO-TX] WARN  c.e.g.s.impl.TrainingServiceImpl - New Trainee with username 'nonexistent.trainee' not found for updating training ID 1 by user 'trainer.user'.
]]></system-out>
  </testcase>
  <testcase name="shouldUpdateTrainingWithNewTrainerTraineeAndTypeSuccessfully" classname="com.epam.gym_crm.service.impl.TrainingServiceImplTest" time="0.002">
    <system-out><![CDATA[21:12:18.448 [main] [NO-TX] INFO  c.e.g.s.impl.TrainingServiceImpl - User 'trainee.user' attempting to update training with ID: 1. Update request: TrainingUpdateRequest(id=1, trainingName=Major Update, trainingDate=2024-01-01, trainingDuration=90, trainerUsername=new.trainer, traineeUsername=new.trainee, trainingTypeName=Cardio)
21:12:18.448 [main] [NO-TX] INFO  c.e.g.s.impl.TrainingServiceImpl - Training with ID: 1 updated successfully by user 'trainee.user'.
]]></system-out>
  </testcase>
  <testcase name="shouldThrowExceptionWhenDeleteTrainingByIdNotFound" classname="com.epam.gym_crm.service.impl.TrainingServiceImplTest" time="0.002">
    <system-out><![CDATA[21:12:18.451 [main] [NO-TX] INFO  c.e.g.s.impl.TrainingServiceImpl - User 'test.user' attempting to delete training with ID: 99.
21:12:18.452 [main] [NO-TX] WARN  c.e.g.s.impl.TrainingServiceImpl - Training with ID 99 not found for deletion by user 'test.user'.
]]></system-out>
  </testcase>
  <testcase name="shouldThrowExceptionWhenCreateTrainingTraineeNotActive" classname="com.epam.gym_crm.service.impl.TrainingServiceImplTest" time="0.002">
    <system-out><![CDATA[21:12:18.454 [main] [NO-TX] INFO  c.e.g.s.impl.TrainingServiceImpl - User 'test.user' attempting to create a new training, Training creation request: TrainingCreateRequest(traineeUsername=inactive.trainee, trainerUsername=trainer.user, trainingName=Yoga, trainingDate=2023-10-26, trainingDuration=60)
21:12:18.454 [main] [NO-TX] WARN  c.e.g.s.impl.TrainingServiceImpl - Trainee 'inactive.trainee' is not active. Cannot create training.
]]></system-out>
  </testcase>
  <testcase name="shouldThrowExceptionWhenDeleteTrainingByIdWithNullOrInvalidId" classname="com.epam.gym_crm.service.impl.TrainingServiceImplTest" time="0.003">
    <system-out><![CDATA[21:12:18.457 [main] [NO-TX] INFO  c.e.g.s.impl.TrainingServiceImpl - User 'test.user' attempting to delete training with ID: null.
21:12:18.457 [main] [NO-TX] ERROR c.e.g.s.impl.TrainingServiceImpl - Training ID for deletion cannot be null or non-positive: null. User: test.user
21:12:18.458 [main] [NO-TX] INFO  c.e.g.s.impl.TrainingServiceImpl - User 'test.user' attempting to delete training with ID: -5.
21:12:18.458 [main] [NO-TX] ERROR c.e.g.s.impl.TrainingServiceImpl - Training ID for deletion cannot be null or non-positive: -5. User: test.user
]]></system-out>
  </testcase>
  <testcase name="shouldThrowExceptionWhenUpdateTrainingWithNullOrInvalidId" classname="com.epam.gym_crm.service.impl.TrainingServiceImplTest" time="0.002">
    <system-out><![CDATA[21:12:18.459 [main] [NO-TX] INFO  c.e.g.s.impl.TrainingServiceImpl - User 'test.user' attempting to update training with ID: null. Update request: TrainingUpdateRequest(id=null, trainingName=Name, trainingDate=null, trainingDuration=null, trainerUsername=null, traineeUsername=null, trainingTypeName=null)
21:12:18.459 [main] [NO-TX] ERROR c.e.g.s.impl.TrainingServiceImpl - Training ID for update cannot be null or non-positive: null. User: test.user
21:12:18.460 [main] [NO-TX] INFO  c.e.g.s.impl.TrainingServiceImpl - User 'test.user' attempting to update training with ID: -5. Update request: TrainingUpdateRequest(id=-5, trainingName=Name, trainingDate=null, trainingDuration=null, trainerUsername=null, traineeUsername=null, trainingTypeName=null)
21:12:18.460 [main] [NO-TX] ERROR c.e.g.s.impl.TrainingServiceImpl - Training ID for update cannot be null or non-positive: -5. User: test.user
]]></system-out>
  </testcase>
  <testcase name="shouldThrowExceptionWhenGetTraineeTrainingsListTraineeNotActive" classname="com.epam.gym_crm.service.impl.TrainingServiceImplTest" time="0.003">
    <system-out><![CDATA[21:12:18.467 [main] [NO-TX] INFO  c.e.g.s.impl.TrainingServiceImpl - User 'inactive.trainee' attempting to retrieve trainings list for trainee 'inactive.trainee' with criteria: TraineeTrainingListRequest(fromDate=null, toDate=null, trainerName=null, trainingTypeName=null)
21:12:18.468 [main] [NO-TX] WARN  c.e.g.s.impl.TrainingServiceImpl - Trainee 'inactive.trainee' is not active. Cannot retrieve their trainings.
]]></system-out>
  </testcase>
  <testcase name="shouldThrowExceptionWhenGetTraineeTrainingsListUnauthorizedUser" classname="com.epam.gym_crm.service.impl.TrainingServiceImplTest" time="0.001">
    <system-out><![CDATA[21:12:18.470 [main] [NO-TX] INFO  c.e.g.s.impl.TrainingServiceImpl - User 'other.user' attempting to retrieve trainings list for trainee 'trainee.user' with criteria: TraineeTrainingListRequest(fromDate=null, toDate=null, trainerName=null, trainingTypeName=null)
21:12:18.470 [main] [NO-TX] WARN  c.e.g.s.impl.TrainingServiceImpl - Access Denied: User 'other.user' attempted to access trainings of trainee 'trainee.user'.
]]></system-out>
  </testcase>
  <testcase name="shouldThrowExceptionWhenGetTrainerTrainingsListUnauthorizedUser" classname="com.epam.gym_crm.service.impl.TrainingServiceImplTest" time="0.002">
    <system-out><![CDATA[21:12:18.472 [main] [NO-TX] INFO  c.e.g.s.impl.TrainingServiceImpl - User 'other.user' attempting to retrieve trainings list for trainer 'trainer.user' with criteria: TrainerTrainingListRequest(fromDate=null, toDate=null, traineeName=null)
21:12:18.472 [main] [NO-TX] WARN  c.e.g.s.impl.TrainingServiceImpl - Access Denied: User 'other.user' attempted to access trainings of trainer 'trainer.user'.
]]></system-out>
  </testcase>
  <testcase name="shouldCreateTrainingSuccessfully" classname="com.epam.gym_crm.service.impl.TrainingServiceImplTest" time="0.002">
    <system-out><![CDATA[21:12:18.474 [main] [NO-TX] INFO  c.e.g.s.impl.TrainingServiceImpl - User 'test.user' attempting to create a new training, Training creation request: TrainingCreateRequest(traineeUsername=trainee.user, trainerUsername=trainer.user, trainingName=Yoga, trainingDate=2023-10-26, trainingDuration=60)
21:12:18.474 [main] [NO-TX] INFO  c.e.g.s.impl.TrainingServiceImpl - Assigned Trainer 'trainer.user' to Trainee 'trainee.user' as part of training creation.
21:12:18.474 [main] [NO-TX] INFO  c.e.g.s.impl.TrainingServiceImpl - Training 'Yoga' created successfully with ID: 10 by user 'test.user'.
]]></system-out>
  </testcase>
</testsuite>