<?xml version="1.0" encoding="UTF-8"?>
<testsuite xmlns:xsi="http://www.w3.org/2001/XMLSchema-instance" xsi:noNamespaceSchemaLocation="https://maven.apache.org/surefire/maven-surefire-plugin/xsd/surefire-test-report-3.0.xsd" version="3.0" name="com.epam.gym_crm.service.impl.TrainerServiceImplTest" time="0.068" tests="22" errors="0" skipped="0" failures="0">
  <properties>
[...]
</properties>
  <testcase name="shouldDoNothingWhenTrainerAlreadyInDesiredState" classname="com.epam.gym_crm.service.impl.TrainerServiceImplTest" time="0.005">
    <system-out><![CDATA[23:35:48.393 [main] [NO-TX] INFO  c.e.g.d.s.impl.TrainerServiceImpl - User 'any.user' attempting to change activation status for Trainer 'John.Doe' to 'true'.
23:35:48.393 [main] [NO-TX] INFO  c.e.g.d.s.impl.TrainerServiceImpl - Trainer 'John.Doe' is already in the requested state (isActive: true). No change needed.
]]></system-out>
  </testcase>
  <testcase name="shouldGetUnassignedTrainersForTraineeSuccessfully" classname="com.epam.gym_crm.service.impl.TrainerServiceImplTest" time="0.003">
    <system-out><![CDATA[23:35:48.396 [main] [NO-TX] INFO  c.e.g.d.s.impl.TrainerServiceImpl - User 'Test.Trainee' attempting to retrieve unassigned and active trainers for trainee 'Test.Trainee'.
23:35:48.397 [main] [NO-TX] INFO  c.e.g.d.s.impl.TrainerServiceImpl - Successfully retrieved 1 unassigned and active trainers for trainee 'Test.Trainee' for user 'Test.Trainee'.
]]></system-out>
  </testcase>
  <testcase name="shouldCreateTrainerSuccessfully" classname="com.epam.gym_crm.service.impl.TrainerServiceImplTest" time="0.003">
    <system-out><![CDATA[23:35:48.399 [main] [NO-TX] INFO  c.e.g.d.s.impl.TrainerServiceImpl - Trainer profile created successfully for user: Jane.Doe
]]></system-out>
  </testcase>
  <testcase name="shouldThrowExceptionWhenFindTrainerByUsernameWithNullOrEmpty" classname="com.epam.gym_crm.service.impl.TrainerServiceImplTest" time="0.003">
    <system-out><![CDATA[23:35:48.402 [main] [NO-TX] INFO  c.e.g.d.s.impl.TrainerServiceImpl - User 'any.user' attempting to find Trainer profile for username 'null'.
23:35:48.402 [main] [NO-TX] ERROR c.e.g.d.s.impl.TrainerServiceImpl - Trainer username for lookup cannot be null or empty.
23:35:48.403 [main] [NO-TX] INFO  c.e.g.d.s.impl.TrainerServiceImpl - User 'any.user' attempting to find Trainer profile for username ''.
23:35:48.403 [main] [NO-TX] ERROR c.e.g.d.s.impl.TrainerServiceImpl - Trainer username for lookup cannot be null or empty.
]]></system-out>
  </testcase>
  <testcase name="shouldUpdateTrainerSuccessfully" classname="com.epam.gym_crm.service.impl.TrainerServiceImplTest" time="0.005">
    <system-out><![CDATA[23:35:48.405 [main] [NO-TX] INFO  c.e.g.d.s.impl.TrainerServiceImpl - Trainer profile updated successfully for user: trainer.user
]]></system-out>
  </testcase>
  <testcase name="shouldThrowExceptionWhenUpdateTrainerNotFound" classname="com.epam.gym_crm.service.impl.TrainerServiceImplTest" time="0.003">
    <system-out><![CDATA[23:35:48.411 [main] [NO-TX] WARN  c.e.g.d.s.impl.TrainerServiceImpl - Trainer profile not found for update with username: non.existent
]]></system-out>
  </testcase>
  <testcase name="shouldGetAllTrainersSuccessfully" classname="com.epam.gym_crm.service.impl.TrainerServiceImplTest" time="0.002">
    <system-out><![CDATA[23:35:48.414 [main] [NO-TX] INFO  c.e.g.d.s.impl.TrainerServiceImpl - User 'any.user' attempting to retrieve all Trainers.
23:35:48.414 [main] [NO-TX] INFO  c.e.g.d.s.impl.TrainerServiceImpl - Retrieved 1 trainers from the database.
23:35:48.414 [main] [NO-TX] INFO  c.e.g.d.s.impl.TrainerServiceImpl - Converted 1 Trainer entities to TrainerResponse DTOs.
]]></system-out>
  </testcase>
  <testcase name="shouldThrowExceptionWhenGetUnassignedTrainersForInactiveTrainee" classname="com.epam.gym_crm.service.impl.TrainerServiceImplTest" time="0.002">
    <system-out><![CDATA[23:35:48.417 [main] [NO-TX] INFO  c.e.g.d.s.impl.TrainerServiceImpl - User 'John.Doe' attempting to retrieve unassigned and active trainers for trainee 'John.Doe'.
23:35:48.417 [main] [NO-TX] WARN  c.e.g.d.s.impl.TrainerServiceImpl - Trainee 'John.Doe' is not active. Cannot retrieve unassigned trainers.
]]></system-out>
  </testcase>
  <testcase name="shouldDeactivateTrainerSuccessfully" classname="com.epam.gym_crm.service.impl.TrainerServiceImplTest" time="0.002">
    <system-out><![CDATA[23:35:48.420 [main] [NO-TX] INFO  c.e.g.d.s.impl.TrainerServiceImpl - User 'any.user' attempting to change activation status for Trainer 'John.Doe' to 'false'.
23:35:48.420 [main] [NO-TX] INFO  c.e.g.d.s.impl.TrainerServiceImpl - Trainer 'John.Doe' activation status changed to false by user 'any.user'.
]]></system-out>
  </testcase>
  <testcase name="shouldReturnEmptyListWhenNoTrainersExist" classname="com.epam.gym_crm.service.impl.TrainerServiceImplTest" time="0.002">
    <system-out><![CDATA[23:35:48.422 [main] [NO-TX] INFO  c.e.g.d.s.impl.TrainerServiceImpl - User 'any.user' attempting to retrieve all Trainers.
23:35:48.422 [main] [NO-TX] INFO  c.e.g.d.s.impl.TrainerServiceImpl - Retrieved 0 trainers from the database.
23:35:48.422 [main] [NO-TX] INFO  c.e.g.d.s.impl.TrainerServiceImpl - Converted 0 Trainer entities to TrainerResponse DTOs.
]]></system-out>
  </testcase>
  <testcase name="shouldThrowExceptionWhenUpdateTrainerTrainingTypeNotFound" classname="com.epam.gym_crm.service.impl.TrainerServiceImplTest" time="0.003">
    <system-out><![CDATA[23:35:48.425 [main] [NO-TX] WARN  c.e.g.d.s.impl.TrainerServiceImpl - Invalid training type for update: NonExistent
]]></system-out>
  </testcase>
  <testcase name="shouldThrowExceptionWhenFindTrainerByIdWithNullOrInvalidId" classname="com.epam.gym_crm.service.impl.TrainerServiceImplTest" time="0.002">
    <system-out><![CDATA[23:35:48.428 [main] [NO-TX] INFO  c.e.g.d.s.impl.TrainerServiceImpl - User 'any.user' attempting to find Trainer profile by ID '0'.
23:35:48.428 [main] [NO-TX] ERROR c.e.g.d.s.impl.TrainerServiceImpl - Trainer ID for lookup cannot be null or non-positive: 0
]]></system-out>
  </testcase>
  <testcase name="shouldThrowExceptionWhenUpdateTrainerUnauthorized" classname="com.epam.gym_crm.service.impl.TrainerServiceImplTest" time="0.002">
    <system-out><![CDATA[23:35:48.431 [main] [NO-TX] ERROR c.e.g.d.s.impl.TrainerServiceImpl - Unauthorized attempt to update Trainer profile for user 'John.Doe' by current user 'unauthorized.user'.
]]></system-out>
  </testcase>
  <testcase name="shouldThrowExceptionWhenFindTrainerByIdNotFound" classname="com.epam.gym_crm.service.impl.TrainerServiceImplTest" time="0.003">
    <system-out><![CDATA[23:35:48.433 [main] [NO-TX] INFO  c.e.g.d.s.impl.TrainerServiceImpl - User 'any.user' attempting to find Trainer profile by ID '99'.
23:35:48.434 [main] [NO-TX] WARN  c.e.g.d.s.impl.TrainerServiceImpl - Trainer not found with ID=99
]]></system-out>
  </testcase>
  <testcase name="shouldThrowExceptionWhenCreateTrainerRequestIsNull" classname="com.epam.gym_crm.service.impl.TrainerServiceImplTest" time="0.002">
    <system-out><![CDATA[23:35:48.437 [main] [NO-TX] ERROR c.e.g.d.s.impl.TrainerServiceImpl - Trainer must not be null
]]></system-out>
  </testcase>
  <testcase name="shouldThrowExceptionWhenFindTrainerByUsernameNotFound" classname="com.epam.gym_crm.service.impl.TrainerServiceImplTest" time="0.002">
    <system-out><![CDATA[23:35:48.440 [main] [NO-TX] INFO  c.e.g.d.s.impl.TrainerServiceImpl - User 'any.user' attempting to find Trainer profile for username 'non.existent'.
23:35:48.440 [main] [NO-TX] WARN  c.e.g.d.s.impl.TrainerServiceImpl - Trainer not found with username:non.existent
]]></system-out>
  </testcase>
  <testcase name="shouldThrowExceptionWhenCreateTrainerTrainingTypeNotFound" classname="com.epam.gym_crm.service.impl.TrainerServiceImplTest" time="0.003">
    <system-out><![CDATA[23:35:48.443 [main] [NO-TX] ERROR c.e.g.d.s.impl.TrainerServiceImpl - Training type not found: NonExistent
]]></system-out>
  </testcase>
  <testcase name="shouldFindTrainerByUsernameSuccessfully" classname="com.epam.gym_crm.service.impl.TrainerServiceImplTest" time="0.002">
    <system-out><![CDATA[23:35:48.446 [main] [NO-TX] INFO  c.e.g.d.s.impl.TrainerServiceImpl - User 'any.user' attempting to find Trainer profile for username 'John.Doe'.
23:35:48.446 [main] [NO-TX] INFO  c.e.g.d.s.impl.TrainerServiceImpl - Finding Trainer by username='John.Doe' -> Found: true
]]></system-out>
  </testcase>
  <testcase name="shouldThrowExceptionWhenUpdateTrainerRequestIsNull" classname="com.epam.gym_crm.service.impl.TrainerServiceImplTest" time="0.002">
    <system-out><![CDATA[23:35:48.449 [main] [NO-TX] ERROR c.e.g.d.s.impl.TrainerServiceImpl - Update request or username cannot be null/empty for Trainer profile.
]]></system-out>
  </testcase>
  <testcase name="shouldFindTrainerByIdSuccessfully" classname="com.epam.gym_crm.service.impl.TrainerServiceImplTest" time="0.002">
    <system-out><![CDATA[23:35:48.451 [main] [NO-TX] INFO  c.e.g.d.s.impl.TrainerServiceImpl - User 'any.user' attempting to find Trainer profile by ID '1'.
23:35:48.451 [main] [NO-TX] INFO  c.e.g.d.s.impl.TrainerServiceImpl - Finding Trainer by ID=1 -> Found: true
]]></system-out>
  </testcase>
  <testcase name="shouldThrowExceptionWhenActivateDeactivateRequestIsNull" classname="com.epam.gym_crm.service.impl.TrainerServiceImplTest" time="0.002"/>
  <testcase name="shouldActivateTrainerSuccessfully" classname="com.epam.gym_crm.service.impl.TrainerServiceImplTest" time="0.002">
    <system-out><![CDATA[23:35:48.456 [main] [NO-TX] INFO  c.e.g.d.s.impl.TrainerServiceImpl - User 'any.user' attempting to change activation status for Trainer 'John.Doe' to 'true'.
23:35:48.456 [main] [NO-TX] INFO  c.e.g.d.s.impl.TrainerServiceImpl - Trainer 'John.Doe' activation status changed to true by user 'any.user'.
]]></system-out>
  </testcase>
</testsuite>