<?xml version="1.0" encoding="UTF-8"?>
<testsuite xmlns:xsi="http://www.w3.org/2001/XMLSchema-instance" xsi:noNamespaceSchemaLocation="https://maven.apache.org/surefire/maven-surefire-plugin/xsd/surefire-test-report-3.0.xsd" version="3.0" name="com.epam.gym_crm.service.impl.TrainerServiceImplTest" time="0.132" tests="23" errors="0" skipped="0" failures="0">
  <properties>
[...]
</properties>
  <testcase name="shouldDoNothingWhenTrainerAlreadyInDesiredState" classname="com.epam.gym_crm.service.impl.TrainerServiceImplTest" time="0.051">
    <system-out><![CDATA[17:11:26.730 [main] [NO-TX] INFO  c.e.g.s.impl.TrainerServiceImpl - User 'John.Doe' attempting to change activation status for Trainer 'John.Doe' to 'true'.
17:11:26.731 [main] [NO-TX] INFO  c.e.g.s.impl.TrainerServiceImpl - Trainer 'John.Doe' is already in the requested state (isActive: true). No change needed.
]]></system-out>
  </testcase>
  <testcase name="shouldGetUnassignedTrainersForTraineeSuccessfully" classname="com.epam.gym_crm.service.impl.TrainerServiceImplTest" time="0.004">
    <system-out><![CDATA[17:11:26.734 [main] [NO-TX] INFO  c.e.g.s.impl.TrainerServiceImpl - User 'Test.Trainee' attempting to retrieve unassigned and active trainers for trainee 'Test.Trainee'.
17:11:26.735 [main] [NO-TX] INFO  c.e.g.s.impl.TrainerServiceImpl - Successfully retrieved 2 unassigned and active trainers for trainee 'Test.Trainee' for user 'Test.Trainee'.
]]></system-out>
  </testcase>
  <testcase name="shouldCreateTrainerSuccessfully" classname="com.epam.gym_crm.service.impl.TrainerServiceImplTest" time="0.003">
    <system-out><![CDATA[17:11:26.740 [main] [NO-TX] INFO  c.e.g.s.impl.TrainerServiceImpl - Trainer profile created successfully for user: Jane.Doe
]]></system-out>
  </testcase>
  <testcase name="shouldThrowExceptionWhenFindTrainerByUsernameWithNullOrEmpty" classname="com.epam.gym_crm.service.impl.TrainerServiceImplTest" time="0.003">
    <system-out><![CDATA[17:11:26.743 [main] [NO-TX] INFO  c.e.g.s.impl.TrainerServiceImpl - User 'John.Doe' attempting to find Trainer profile for username 'null'.
17:11:26.743 [main] [NO-TX] ERROR c.e.g.s.impl.TrainerServiceImpl - Trainer username for lookup cannot be null or empty.
17:11:26.744 [main] [NO-TX] INFO  c.e.g.s.impl.TrainerServiceImpl - User 'John.Doe' attempting to find Trainer profile for username ''.
17:11:26.744 [main] [NO-TX] ERROR c.e.g.s.impl.TrainerServiceImpl - Trainer username for lookup cannot be null or empty.
]]></system-out>
  </testcase>
  <testcase name="shouldUpdateTrainerSuccessfully" classname="com.epam.gym_crm.service.impl.TrainerServiceImplTest" time="0.004">
    <system-out><![CDATA[17:11:26.747 [main] [NO-TX] INFO  c.e.g.s.impl.TrainerServiceImpl - Trainer profile updated successfully for user: John.Doe
]]></system-out>
  </testcase>
  <testcase name="shouldThrowExceptionWhenUpdateTrainerNotFound" classname="com.epam.gym_crm.service.impl.TrainerServiceImplTest" time="0.002">
    <system-out><![CDATA[17:11:26.752 [main] [NO-TX] WARN  c.e.g.s.impl.TrainerServiceImpl - Trainer profile not found for update with username: NonExistent.Trainer
]]></system-out>
  </testcase>
  <testcase name="shouldGetAllTrainersSuccessfully" classname="com.epam.gym_crm.service.impl.TrainerServiceImplTest" time="0.003">
    <system-out><![CDATA[17:11:26.755 [main] [NO-TX] INFO  c.e.g.s.impl.TrainerServiceImpl - User 'John.Doe' attempting to retrieve all Trainers.
17:11:26.755 [main] [NO-TX] INFO  c.e.g.s.impl.TrainerServiceImpl - Retrieved 2 trainers from the database.
17:11:26.755 [main] [NO-TX] INFO  c.e.g.s.impl.TrainerServiceImpl - Converted 2 Trainer entities to TrainerResponse DTOs.
]]></system-out>
  </testcase>
  <testcase name="shouldThrowExceptionWhenGetUnassignedTrainersForInactiveTrainee" classname="com.epam.gym_crm.service.impl.TrainerServiceImplTest" time="0.006">
    <system-out><![CDATA[17:11:26.760 [main] [NO-TX] INFO  c.e.g.s.impl.TrainerServiceImpl - User 'Inactive.Trainee' attempting to retrieve unassigned and active trainers for trainee 'Inactive.Trainee'.
17:11:26.760 [main] [NO-TX] WARN  c.e.g.s.impl.TrainerServiceImpl - Trainee 'Inactive.Trainee' is not active. Cannot retrieve unassigned trainers.
]]></system-out>
  </testcase>
  <testcase name="shouldDeactivateTrainerSuccessfully" classname="com.epam.gym_crm.service.impl.TrainerServiceImplTest" time="0.004">
    <system-out><![CDATA[17:11:26.766 [main] [NO-TX] INFO  c.e.g.s.impl.TrainerServiceImpl - User 'John.Doe' attempting to change activation status for Trainer 'John.Doe' to 'false'.
17:11:26.766 [main] [NO-TX] INFO  c.e.g.s.impl.TrainerServiceImpl - Trainer 'John.Doe' activation status changed to false by user 'John.Doe'.
]]></system-out>
  </testcase>
  <testcase name="shouldReturnEmptyListWhenNoTrainersExist" classname="com.epam.gym_crm.service.impl.TrainerServiceImplTest" time="0.004">
    <system-out><![CDATA[17:11:26.770 [main] [NO-TX] INFO  c.e.g.s.impl.TrainerServiceImpl - User 'John.Doe' attempting to retrieve all Trainers.
17:11:26.770 [main] [NO-TX] INFO  c.e.g.s.impl.TrainerServiceImpl - Retrieved 0 trainers from the database.
17:11:26.771 [main] [NO-TX] INFO  c.e.g.s.impl.TrainerServiceImpl - Converted 0 Trainer entities to TrainerResponse DTOs.
]]></system-out>
  </testcase>
  <testcase name="shouldThrowExceptionWhenUpdateTrainerTrainingTypeNotFound" classname="com.epam.gym_crm.service.impl.TrainerServiceImplTest" time="0.004">
    <system-out><![CDATA[17:11:26.775 [main] [NO-TX] WARN  c.e.g.s.impl.TrainerServiceImpl - Invalid training type for update: NonExistentType
]]></system-out>
  </testcase>
  <testcase name="shouldThrowExceptionWhenFindTrainerByIdWithNullOrInvalidId" classname="com.epam.gym_crm.service.impl.TrainerServiceImplTest" time="0.003">
    <system-out><![CDATA[17:11:26.779 [main] [NO-TX] INFO  c.e.g.s.impl.TrainerServiceImpl - User 'John.Doe' attempting to find Trainer profile by ID '0'.
17:11:26.779 [main] [NO-TX] ERROR c.e.g.s.impl.TrainerServiceImpl - Trainer ID for lookup cannot be null or non-positive: 0
]]></system-out>
  </testcase>
  <testcase name="shouldThrowExceptionWhenUpdateTrainerUnauthorized" classname="com.epam.gym_crm.service.impl.TrainerServiceImplTest" time="0.003">
    <system-out><![CDATA[17:11:26.782 [main] [NO-TX] ERROR c.e.g.s.impl.TrainerServiceImpl - Unauthorized attempt to update Trainer profile for user 'Other.Trainer' by current user 'Current.User'.
]]></system-out>
  </testcase>
  <testcase name="shouldThrowExceptionWhenActivateDeactivateTrainerRequestIsNull" classname="com.epam.gym_crm.service.impl.TrainerServiceImplTest" time="0.002"/>
  <testcase name="shouldThrowExceptionWhenFindTrainerByIdNotFound" classname="com.epam.gym_crm.service.impl.TrainerServiceImplTest" time="0.003">
    <system-out><![CDATA[17:11:26.788 [main] [NO-TX] INFO  c.e.g.s.impl.TrainerServiceImpl - User 'John.Doe' attempting to find Trainer profile by ID '99'.
17:11:26.788 [main] [NO-TX] WARN  c.e.g.s.impl.TrainerServiceImpl - Trainer not found with ID=99
]]></system-out>
  </testcase>
  <testcase name="shouldThrowExceptionWhenCreateTrainerRequestIsNull" classname="com.epam.gym_crm.service.impl.TrainerServiceImplTest" time="0.002">
    <system-out><![CDATA[17:11:26.791 [main] [NO-TX] ERROR c.e.g.s.impl.TrainerServiceImpl - Trainer must not be null
]]></system-out>
  </testcase>
  <testcase name="shouldThrowExceptionWhenFindTrainerByUsernameNotFound" classname="com.epam.gym_crm.service.impl.TrainerServiceImplTest" time="0.003">
    <system-out><![CDATA[17:11:26.793 [main] [NO-TX] INFO  c.e.g.s.impl.TrainerServiceImpl - User 'John.Doe' attempting to find Trainer profile for username 'NonExistent.Trainer'.
17:11:26.794 [main] [NO-TX] WARN  c.e.g.s.impl.TrainerServiceImpl - Trainer not found with username:NonExistent.Trainer
]]></system-out>
  </testcase>
  <testcase name="shouldThrowExceptionWhenCreateTrainerTrainingTypeNotFound" classname="com.epam.gym_crm.service.impl.TrainerServiceImplTest" time="0.002">
    <system-out><![CDATA[17:11:26.796 [main] [NO-TX] ERROR c.e.g.s.impl.TrainerServiceImpl - Training type not found: NonExistentType
]]></system-out>
  </testcase>
  <testcase name="shouldThrowExceptionWhenCreateTrainerFailedToSave" classname="com.epam.gym_crm.service.impl.TrainerServiceImplTest" time="0.002">
    <system-out><![CDATA[17:11:26.800 [main] [NO-TX] ERROR c.e.g.s.impl.TrainerServiceImpl - Failed to save Trainer entity to the database for user: Jane.Doe
]]></system-out>
  </testcase>
  <testcase name="shouldFindTrainerByUsernameSuccessfully" classname="com.epam.gym_crm.service.impl.TrainerServiceImplTest" time="0.003">
    <system-out><![CDATA[17:11:26.802 [main] [NO-TX] INFO  c.e.g.s.impl.TrainerServiceImpl - User 'John.Doe' attempting to find Trainer profile for username 'John.Doe'.
17:11:26.803 [main] [NO-TX] INFO  c.e.g.s.impl.TrainerServiceImpl - Finding Trainer by username='John.Doe' -> Found: true
]]></system-out>
  </testcase>
  <testcase name="shouldThrowExceptionWhenUpdateTrainerRequestIsNull" classname="com.epam.gym_crm.service.impl.TrainerServiceImplTest" time="0.002">
    <system-out><![CDATA[17:11:26.806 [main] [NO-TX] ERROR c.e.g.s.impl.TrainerServiceImpl - Update request or username cannot be null/empty for Trainer profile.
]]></system-out>
  </testcase>
  <testcase name="shouldFindTrainerByIdSuccessfully" classname="com.epam.gym_crm.service.impl.TrainerServiceImplTest" time="0.002">
    <system-out><![CDATA[17:11:26.808 [main] [NO-TX] INFO  c.e.g.s.impl.TrainerServiceImpl - User 'John.Doe' attempting to find Trainer profile by ID '1'.
17:11:26.808 [main] [NO-TX] INFO  c.e.g.s.impl.TrainerServiceImpl - Finding Trainer by ID=1 -> Found: true
]]></system-out>
  </testcase>
  <testcase name="shouldActivateTrainerSuccessfully" classname="com.epam.gym_crm.service.impl.TrainerServiceImplTest" time="0.002">
    <system-out><![CDATA[17:11:26.810 [main] [NO-TX] INFO  c.e.g.s.impl.TrainerServiceImpl - User 'John.Doe' attempting to change activation status for Trainer 'John.Doe' to 'true'.
17:11:26.811 [main] [NO-TX] INFO  c.e.g.s.impl.TrainerServiceImpl - Trainer 'John.Doe' activation status changed to true by user 'John.Doe'.
]]></system-out>
  </testcase>
</testsuite>