<?xml version="1.0" encoding="UTF-8"?>
<testsuite xmlns:xsi="http://www.w3.org/2001/XMLSchema-instance" xsi:noNamespaceSchemaLocation="https://maven.apache.org/surefire/maven-surefire-plugin/xsd/surefire-test-report-3.0.xsd" version="3.0" name="com.epam.gym_crm.service.impl.TraineeServiceImplTest" time="0.219" tests="36" errors="0" skipped="0" failures="0">
  <properties>
[...]
</properties>
  <testcase name="shouldCreateTraineeSuccessfully" classname="com.epam.gym_crm.service.impl.TraineeServiceImplTest" time="0.091">
    <system-out><![CDATA[20:44:04.435 [main] [NO-TX] INFO  c.e.g.s.impl.TraineeServiceImpl - Received new transient User object for Trainee: Username = New.Trainee
20:44:04.435 [main] [NO-TX] INFO  c.e.g.s.impl.TraineeServiceImpl - Trainee profile created successfully for user: New.Trainee
]]></system-out>
  </testcase>
  <testcase name="shouldUpdateTraineeSuccessfully" classname="com.epam.gym_crm.service.impl.TraineeServiceImplTest" time="0.005">
    <system-out><![CDATA[20:44:04.439 [main] [NO-TX] INFO  c.e.g.s.impl.TraineeServiceImpl - Trainee profile updated successfully for user: Test.Trainee
]]></system-out>
  </testcase>
  <testcase name="shouldFindTraineeByUsernameSuccessfully" classname="com.epam.gym_crm.service.impl.TraineeServiceImplTest" time="0.002">
    <system-out><![CDATA[20:44:04.443 [main] [NO-TX] INFO  c.e.g.s.impl.TraineeServiceImpl - User 'test.user' attempting to find Trainee profile for username 'test.user'.
20:44:04.443 [main] [NO-TX] INFO  c.e.g.s.impl.TraineeServiceImpl - Finding Trainee by username='test.user' -> Found: true
]]></system-out>
  </testcase>
  <testcase name="shouldPropagateExceptionWhenUserCreationFails" classname="com.epam.gym_crm.service.impl.TraineeServiceImplTest" time="0.002"/>
  <testcase name="shouldThrowExceptionWhenTraineeForActivationNotFound" classname="com.epam.gym_crm.service.impl.TraineeServiceImplTest" time="0.004">
    <system-out><![CDATA[20:44:04.449 [main] [NO-TX] INFO  c.e.g.s.impl.TraineeServiceImpl - User 'test.user' attempting to change activation status for Trainee 'Test.Trainee' to 'false'.
20:44:04.449 [main] [NO-TX] WARN  c.e.g.s.impl.TraineeServiceImpl - Trainee profile not found for activation status change with username: Test.Trainee
]]></system-out>
  </testcase>
  <testcase name="shouldDeactivateTraineeSuccessfully" classname="com.epam.gym_crm.service.impl.TraineeServiceImplTest" time="0.003">
    <system-out><![CDATA[20:44:04.453 [main] [NO-TX] INFO  c.e.g.s.impl.TraineeServiceImpl - User 'test.user' attempting to change activation status for Trainee 'Test.Trainee' to 'false'.
20:44:04.454 [main] [NO-TX] INFO  c.e.g.s.impl.TraineeServiceImpl - Trainee 'test.user' activation status changed to false by user 'test.user'.
]]></system-out>
  </testcase>
  <testcase name="shouldUpdateTraineeTrainersListSuccessfully" classname="com.epam.gym_crm.service.impl.TraineeServiceImplTest" time="0.007">
    <system-out><![CDATA[20:44:04.459 [main] [NO-TX] INFO  c.e.g.s.impl.TraineeServiceImpl - User 'test.user' attempting to update trainers list for trainee 'test.user'. Requested trainers: [Trainer.One, Trainer.Two].
20:44:04.460 [main] [NO-TX] INFO  c.e.g.s.impl.TraineeServiceImpl - Successfully updated trainee_trainer join table for trainee 'test.user'.
20:44:04.460 [main] [NO-TX] INFO  c.e.g.s.impl.TraineeServiceImpl - Deleted all old training records for trainee 'test.user' to synchronize with new trainers list.
20:44:04.460 [main] [NO-TX] INFO  c.e.g.s.impl.TraineeServiceImpl - Created a new training record for trainee 'test.user' with trainer 'Trainer.Two'.
20:44:04.460 [main] [NO-TX] INFO  c.e.g.s.impl.TraineeServiceImpl - Created a new training record for trainee 'test.user' with trainer 'Trainer.One'.
]]></system-out>
  </testcase>
  <testcase name="shouldThrowExceptionWhenUpdateRequestIsNull" classname="com.epam.gym_crm.service.impl.TraineeServiceImplTest" time="0.003">
    <system-out><![CDATA[20:44:04.464 [main] [NO-TX] ERROR c.e.g.s.impl.TraineeServiceImpl - Update request or username cannot be null/empty for Trainee profile.
]]></system-out>
  </testcase>
  <testcase name="shouldClearTraineeTrainersListSuccessfully" classname="com.epam.gym_crm.service.impl.TraineeServiceImplTest" time="0.003">
    <system-out><![CDATA[20:44:04.468 [main] [NO-TX] INFO  c.e.g.s.impl.TraineeServiceImpl - User 'test.user' attempting to update trainers list for trainee 'test.user'. Requested trainers: [].
20:44:04.468 [main] [NO-TX] INFO  c.e.g.s.impl.TraineeServiceImpl - Successfully updated trainee_trainer join table for trainee 'test.user'.
20:44:04.468 [main] [NO-TX] INFO  c.e.g.s.impl.TraineeServiceImpl - Deleted all old training records for trainee 'test.user' to synchronize with new trainers list.
]]></system-out>
  </testcase>
  <testcase name="shouldThrowExceptionWhenFindByIdWithNullId" classname="com.epam.gym_crm.service.impl.TraineeServiceImplTest" time="0.004">
    <system-out><![CDATA[20:44:04.472 [main] [NO-TX] INFO  c.e.g.s.impl.TraineeServiceImpl - User 'test.user' attempting to find Trainee profile by ID 'null'.
20:44:04.472 [main] [NO-TX] ERROR c.e.g.s.impl.TraineeServiceImpl - Trainee ID for lookup cannot be null or non-positive: null
]]></system-out>
  </testcase>
  <testcase name="shouldThrowExceptionWhenActivationRequestIsNull" classname="com.epam.gym_crm.service.impl.TraineeServiceImplTest" time="0.003"/>
  <testcase name="shouldThrowExceptionWhenDeleteTraineeByUsernameNotFound" classname="com.epam.gym_crm.service.impl.TraineeServiceImplTest" time="0.003">
    <system-out><![CDATA[20:44:04.479 [main] [NO-TX] INFO  c.e.g.s.impl.TraineeServiceImpl - User 'test.user' attempting to delete Trainee profile for username 'Another.Trainee'.
20:44:04.479 [main] [NO-TX] ERROR c.e.g.s.impl.TraineeServiceImpl - Unauthorized attempt to delete Trainee profile for user 'Another.Trainee' by current user 'test.user'.
]]></system-out>
  </testcase>
  <testcase name="shouldThrowExceptionWhenDeleteTraineeByIdNotFound" classname="com.epam.gym_crm.service.impl.TraineeServiceImplTest" time="0.004">
    <system-out><![CDATA[20:44:04.483 [main] [NO-TX] WARN  c.e.g.s.impl.TraineeServiceImpl - No trainee found to delete with ID=999
]]></system-out>
  </testcase>
  <testcase name="shouldThrowExceptionWhenDeleteTraineeByIdUnauthorized" classname="com.epam.gym_crm.service.impl.TraineeServiceImplTest" time="0.004">
    <system-out><![CDATA[20:44:04.487 [main] [NO-TX] ERROR c.e.g.s.impl.TraineeServiceImpl - Unauthorized attempt to delete Trainee profile with ID '10' by current user 'Unauthorized.User'.
]]></system-out>
  </testcase>
  <testcase name="shouldThrowExceptionWhenDeleteTraineeByUsernameUnauthorized" classname="com.epam.gym_crm.service.impl.TraineeServiceImplTest" time="0.003">
    <system-out><![CDATA[20:44:04.490 [main] [NO-TX] INFO  c.e.g.s.impl.TraineeServiceImpl - User 'Unauthorized.User' attempting to delete Trainee profile for username 'test.user'.
20:44:04.490 [main] [NO-TX] ERROR c.e.g.s.impl.TraineeServiceImpl - Unauthorized attempt to delete Trainee profile for user 'test.user' by current user 'Unauthorized.User'.
]]></system-out>
  </testcase>
  <testcase name="shouldThrowExceptionWhenUpdateUnauthorized" classname="com.epam.gym_crm.service.impl.TraineeServiceImplTest" time="0.006">
    <system-out><![CDATA[20:44:04.493 [main] [NO-TX] ERROR c.e.g.s.impl.TraineeServiceImpl - Unauthorized attempt to update Trainee profile for user 'test.user' by current user 'Unauthorized.User'.
]]></system-out>
  </testcase>
  <testcase name="shouldDeleteTraineeByIdSuccessfully" classname="com.epam.gym_crm.service.impl.TraineeServiceImplTest" time="0.006">
    <system-out><![CDATA[20:44:04.504 [main] [NO-TX] INFO  c.e.g.s.impl.TraineeServiceImpl - Complete deletion of Trainee profile for ID '10' (username: 'test.user') and all associated data (User, Trainings) performed successfully by user 'test.user'.
]]></system-out>
  </testcase>
  <testcase name="shouldThrowExceptionWhenFindByIdNotFound" classname="com.epam.gym_crm.service.impl.TraineeServiceImplTest" time="0.004">
    <system-out><![CDATA[20:44:04.507 [main] [NO-TX] INFO  c.e.g.s.impl.TraineeServiceImpl - User 'test.user' attempting to find Trainee profile by ID '999'.
20:44:04.507 [main] [NO-TX] WARN  c.e.g.s.impl.TraineeServiceImpl - Trainee not found with ID=999
]]></system-out>
  </testcase>
  <testcase name="shouldThrowExceptionWhenTraineeForUpdateTrainersIsInactive" classname="com.epam.gym_crm.service.impl.TraineeServiceImplTest" time="0.003">
    <system-out><![CDATA[20:44:04.511 [main] [NO-TX] INFO  c.e.g.s.impl.TraineeServiceImpl - User 'test.user' attempting to update trainers list for trainee 'test.user'. Requested trainers: [Trainer.One].
]]></system-out>
  </testcase>
  <testcase name="shouldThrowExceptionWhenCreateRequestIsNull" classname="com.epam.gym_crm.service.impl.TraineeServiceImplTest" time="0.002">
    <system-out><![CDATA[20:44:04.514 [main] [NO-TX] ERROR c.e.g.s.impl.TraineeServiceImpl - Trainee can not be null
]]></system-out>
  </testcase>
  <testcase name="shouldThrowExceptionWhenTrainerInListInactive" classname="com.epam.gym_crm.service.impl.TraineeServiceImplTest" time="0.004">
    <system-out><![CDATA[20:44:04.516 [main] [NO-TX] INFO  c.e.g.s.impl.TraineeServiceImpl - User 'test.user' attempting to update trainers list for trainee 'test.user'. Requested trainers: [Inactive.Trainer].
]]></system-out>
  </testcase>
  <testcase name="shouldReturnEmptyListWhenNoTraineesExist" classname="com.epam.gym_crm.service.impl.TraineeServiceImplTest" time="0.003">
    <system-out><![CDATA[20:44:04.521 [main] [NO-TX] INFO  c.e.g.s.impl.TraineeServiceImpl - User 'test.user' attempting to retrieve all Trainees.
20:44:04.521 [main] [NO-TX] INFO  c.e.g.s.impl.TraineeServiceImpl - Retrieving all trainees -> Count: 0
20:44:04.522 [main] [NO-TX] INFO  c.e.g.s.impl.TraineeServiceImpl - Converted 0 Trainee entities to TraineeResponse DTOs.
]]></system-out>
  </testcase>
  <testcase name="shouldThrowExceptionWhenUpdateTraineeNotFound" classname="com.epam.gym_crm.service.impl.TraineeServiceImplTest" time="0.002">
    <system-out><![CDATA[20:44:04.524 [main] [NO-TX] WARN  c.e.g.s.impl.TraineeServiceImpl - Trainee profile not found for update with username: test.user
]]></system-out>
  </testcase>
  <testcase name="shouldDeleteTraineeByUsernameSuccessfully" classname="com.epam.gym_crm.service.impl.TraineeServiceImplTest" time="0.002">
    <system-out><![CDATA[20:44:04.527 [main] [NO-TX] INFO  c.e.g.s.impl.TraineeServiceImpl - User 'test.user' attempting to delete Trainee profile for username 'test.user'.
20:44:04.527 [main] [NO-TX] INFO  c.e.g.s.impl.TraineeServiceImpl - Complete deletion of Trainee profile for username 'test.user' and all associated data (User, Trainings) performed successfully by user 'test.user'.
]]></system-out>
  </testcase>
  <testcase name="shouldThrowExceptionWhenDeleteTraineeByIdWithNullId" classname="com.epam.gym_crm.service.impl.TraineeServiceImplTest" time="0.002">
    <system-out><![CDATA[20:44:04.530 [main] [NO-TX] ERROR c.e.g.s.impl.TraineeServiceImpl - Trainee ID for deletion cannot be null or non-positive: null
]]></system-out>
  </testcase>
  <testcase name="shouldThrowExceptionWhenUpdateTrainersUnauthorized" classname="com.epam.gym_crm.service.impl.TraineeServiceImplTest" time="0.002">
    <system-out><![CDATA[20:44:04.533 [main] [NO-TX] INFO  c.e.g.s.impl.TraineeServiceImpl - User 'Unauthorized.User' attempting to update trainers list for trainee 'test.user'. Requested trainers: null.
]]></system-out>
  </testcase>
  <testcase name="shouldNotChangeActivationStatusIfAlreadyInRequestedState" classname="com.epam.gym_crm.service.impl.TraineeServiceImplTest" time="0.003">
    <system-out><![CDATA[20:44:04.535 [main] [NO-TX] INFO  c.e.g.s.impl.TraineeServiceImpl - User 'test.user' attempting to change activation status for Trainee 'Test.Trainee' to 'true'.
20:44:04.535 [main] [NO-TX] INFO  c.e.g.s.impl.TraineeServiceImpl - Trainee 'Test.Trainee' is already in the requested state (isActive: true). No change needed.
]]></system-out>
  </testcase>
  <testcase name="shouldThrowExceptionWhenUpdateTrainersRequestIsNull" classname="com.epam.gym_crm.service.impl.TraineeServiceImplTest" time="0.002"/>
  <testcase name="shouldGetAllTraineesSuccessfully" classname="com.epam.gym_crm.service.impl.TraineeServiceImplTest" time="0.003">
    <system-out><![CDATA[20:44:04.540 [main] [NO-TX] INFO  c.e.g.s.impl.TraineeServiceImpl - User 'test.user' attempting to retrieve all Trainees.
20:44:04.540 [main] [NO-TX] INFO  c.e.g.s.impl.TraineeServiceImpl - Retrieving all trainees -> Count: 2
20:44:04.540 [main] [NO-TX] INFO  c.e.g.s.impl.TraineeServiceImpl - Converted 2 Trainee entities to TraineeResponse DTOs.
]]></system-out>
  </testcase>
  <testcase name="shouldFindTraineeByIdSuccessfully" classname="com.epam.gym_crm.service.impl.TraineeServiceImplTest" time="0.001">
    <system-out><![CDATA[20:44:04.542 [main] [NO-TX] INFO  c.e.g.s.impl.TraineeServiceImpl - User 'test.user' attempting to find Trainee profile by ID '10'.
20:44:04.542 [main] [NO-TX] INFO  c.e.g.s.impl.TraineeServiceImpl - Finding Trainee by ID=10 -> Found: true
]]></system-out>
  </testcase>
  <testcase name="shouldThrowExceptionWhenFindByUsernameNotFound" classname="com.epam.gym_crm.service.impl.TraineeServiceImplTest" time="0.001">
    <system-out><![CDATA[20:44:04.544 [main] [NO-TX] INFO  c.e.g.s.impl.TraineeServiceImpl - User 'test.user' attempting to find Trainee profile for username 'NonExistent.User'.
20:44:04.544 [main] [NO-TX] WARN  c.e.g.s.impl.TraineeServiceImpl - Trainee not found with username:NonExistent.User
]]></system-out>
  </testcase>
  <testcase name="shouldThrowExceptionWhenTraineeForUpdateTrainersNotFound" classname="com.epam.gym_crm.service.impl.TraineeServiceImplTest" time="0.002">
    <system-out><![CDATA[20:44:04.548 [main] [NO-TX] INFO  c.e.g.s.impl.TraineeServiceImpl - User 'NonExistent.Trainee' attempting to update trainers list for trainee 'NonExistent.Trainee'. Requested trainers: [Trainer.One].
]]></system-out>
  </testcase>
  <testcase name="shouldActivateTraineeSuccessfully" classname="com.epam.gym_crm.service.impl.TraineeServiceImplTest" time="0.003">
    <system-out><![CDATA[20:44:04.551 [main] [NO-TX] INFO  c.e.g.s.impl.TraineeServiceImpl - User 'test.user' attempting to change activation status for Trainee 'Test.Trainee' to 'true'.
20:44:04.551 [main] [NO-TX] INFO  c.e.g.s.impl.TraineeServiceImpl - Trainee 'test.user' activation status changed to true by user 'test.user'.
]]></system-out>
  </testcase>
  <testcase name="shouldThrowExceptionWhenFindByUsernameWithNullOrEmpty" classname="com.epam.gym_crm.service.impl.TraineeServiceImplTest" time="0.004">
    <system-out><![CDATA[20:44:04.554 [main] [NO-TX] INFO  c.e.g.s.impl.TraineeServiceImpl - User 'null' attempting to find Trainee profile for username 'null'.
20:44:04.554 [main] [NO-TX] ERROR c.e.g.s.impl.TraineeServiceImpl - Trainee username for lookup cannot be null or empty.
20:44:04.555 [main] [NO-TX] INFO  c.e.g.s.impl.TraineeServiceImpl - User 'null' attempting to find Trainee profile for username ''.
20:44:04.555 [main] [NO-TX] ERROR c.e.g.s.impl.TraineeServiceImpl - Trainee username for lookup cannot be null or empty.
]]></system-out>
  </testcase>
  <testcase name="shouldThrowExceptionWhenDeleteTraineeByUsernameWithNullOrEmpty" classname="com.epam.gym_crm.service.impl.TraineeServiceImplTest" time="0.003">
    <system-out><![CDATA[20:44:04.559 [main] [NO-TX] INFO  c.e.g.s.impl.TraineeServiceImpl - User 'null' attempting to delete Trainee profile for username 'null'.
20:44:04.559 [main] [NO-TX] ERROR c.e.g.s.impl.TraineeServiceImpl - Username cannot be null or empty for Trainee deletion.
20:44:04.559 [main] [NO-TX] INFO  c.e.g.s.impl.TraineeServiceImpl - User 'null' attempting to delete Trainee profile for username ''.
20:44:04.559 [main] [NO-TX] ERROR c.e.g.s.impl.TraineeServiceImpl - Username cannot be null or empty for Trainee deletion.
]]></system-out>
  </testcase>
  <testcase name="shouldThrowExceptionWhenTrainerInListNotFound" classname="com.epam.gym_crm.service.impl.TraineeServiceImplTest" time="0.004">
    <system-out><![CDATA[20:44:04.563 [main] [NO-TX] INFO  c.e.g.s.impl.TraineeServiceImpl - User 'test.user' attempting to update trainers list for trainee 'test.user'. Requested trainers: [Trainer.One, NonExistent.Trainer].
]]></system-out>
  </testcase>
</testsuite>